<?xml version="1.0" encoding="utf-8" standalone="no"?>
<test-run id="2" testcasecount="0" result="Failed" label="Invalid" total="0" passed="0" failed="0" inconclusive="0" skipped="0" asserts="0" engine-version="3.9.0.0" clr-version="4.0.30319.42000" start-time="2019-03-07 03:27:24Z" end-time="2019-03-07 03:27:25Z" duration="0.260181">
  <command-line><![CDATA["D:\Work\NUnit.org\nunit-console\nunit3-console.exe" \NUnitAutomationFramework.csproj]]></command-line>
  <test-suite type="Unknown" id="1-1" name="NUnitAutomationFramework.csproj" fullname="D:\NUnitAutomationFramework.csproj" testcasecount="0" runstate="NotRunnable" result="Failed" label="Invalid">
    <properties>
      <property name="_SKIPREASON" value="File not found: D:\NUnitAutomationFramework.csproj" />
    </properties>
    <reason>
      <message>File not found: D:\NUnitAutomationFramework.csproj</message>
    </reason>
  </test-suite>
</test-run>