<?xml version="1.0" encoding="utf-8" standalone="no"?>
<test-run id="2" testcasecount="1" result="Passed" total="1" passed="1" failed="0" inconclusive="0" skipped="0" asserts="2" engine-version="3.9.0.0" clr-version="4.0.30319.42000" start-time="2019-03-07 02:59:54Z" end-time="2019-03-07 02:59:54Z" duration="0.578469">
  <command-line><![CDATA[d:\work\NUnit.org\nunit-console\nunit3-console.exe   --work:"NUnitAutomationFramework\report" NUnitAutomationFramework.sln]]></command-line>
  <test-suite type="Assembly" id="1-1002" name="NUnitAutomationFramework.dll" fullname="NUnitAutomationFramework.dll" runstate="Runnable" testcasecount="1" result="Passed" start-time="2019-03-07 02:59:54Z" end-time="2019-03-07 02:59:54Z" duration="0.057514" total="1" passed="1" failed="0" warnings="0" inconclusive="0" skipped="0" asserts="2">
    <environment framework-version="3.11.0.0" clr-version="4.0.30319.42000" os-version="Microsoft Windows NT 10.0.17134.0" platform="Win32NT" cwd="D:\Work\Projects\NUnitAutomationFramework" machine-name="DESKTOP-L11SV1V" user="Ben" user-domain="DESKTOP-L11SV1V" culture="en-US" uiculture="en-US" os-architecture="x64" />
    <settings>
      <setting name="DisposeRunners" value="True" />
      <setting name="WorkDirectory" value="NUnitAutomationFramework\report" />
      <setting name="ImageRuntimeVersion" value="4.0.30319" />
      <setting name="ImageTargetFrameworkName" value=".NETFramework,Version=v4.6.1" />
      <setting name="ImageRequiresX86" value="False" />
      <setting name="ImageRequiresDefaultAppDomainAssemblyResolver" value="False" />
      <setting name="NumberOfTestWorkers" value="8" />
    </settings>
    <properties>
      <property name="_PID" value="1048" />
      <property name="_APPDOMAIN" value="domain-2b0a36fa-NUnitAutomationFramework.sln" />
    </properties>
    <test-suite type="TestSuite" id="1-1003" name="NUnitAutomationFramework" fullname="NUnitAutomationFramework" runstate="Runnable" testcasecount="1" result="Passed" start-time="2019-03-07 02:59:54Z" end-time="2019-03-07 02:59:54Z" duration="0.038961" total="1" passed="1" failed="0" warnings="0" inconclusive="0" skipped="0" asserts="2">
      <test-suite type="TestFixture" id="1-1000" name="Class1" fullname="NUnitAutomationFramework.Class1" classname="NUnitAutomationFramework.Class1" runstate="Runnable" testcasecount="1" result="Passed" start-time="2019-03-07 02:59:54Z" end-time="2019-03-07 02:59:54Z" duration="0.032730" total="1" passed="1" failed="0" warnings="0" inconclusive="0" skipped="0" asserts="2">
        <test-case id="1-1001" name="TestAdd" fullname="NUnitAutomationFramework.Class1.TestAdd" methodname="TestAdd" classname="NUnitAutomationFramework.Class1" runstate="Runnable" seed="310839654" result="Passed" start-time="2019-03-07 02:59:54Z" end-time="2019-03-07 02:59:54Z" duration="0.022484" asserts="2" />
      </test-suite>
    </test-suite>
  </test-suite>
</test-run>